<?xml version="1.0" encoding="UTF-8"?>
<!-- Generated by org.testng.reporters.JUnitReportReporter -->
<testsuite hostname="RDPC42" failures="1" tests="8" name="login.SendOtp" time="4.799" errors="0" timestamp="2024-04-14T15:37:00 IST" skipped="1">
  <testcase classname="login.SendOtp" name="TC_1_headerValidationForContentType_Missing" time="2.383">
    <failure message="Expected staus code is422Actual status code is 200 expected [422] but found [200]" type="java.lang.AssertionError">
      <![CDATA[java.lang.AssertionError: Expected staus code is422Actual status code is 200 expected [422] but found [200]
at org.testng.Assert.fail(Assert.java:110)
at org.testng.Assert.failNotEquals(Assert.java:1577)
at org.testng.Assert.assertEqualsImpl(Assert.java:149)
at org.testng.Assert.assertEquals(Assert.java:131)
at org.testng.Assert.assertEquals(Assert.java:1418)
at org.testng.Assert.assertEquals(Assert.java:1382)
at api.services.ApiClient.validateStatusCode(ApiClient.java:33)
at login.SendOtp.TC_1_headerValidationForContentType_Missing(SendOtp.java:46)
at java.base/jdk.internal.reflect.NativeMethodAccessorImpl.invoke0(Native Method)
at java.base/jdk.internal.reflect.NativeMethodAccessorImpl.invoke(NativeMethodAccessorImpl.java:77)
at java.base/jdk.internal.reflect.DelegatingMethodAccessorImpl.invoke(DelegatingMethodAccessorImpl.java:43)
at java.base/java.lang.reflect.Method.invoke(Method.java:568)
at org.testng.internal.invokers.MethodInvocationHelper.invokeMethod(MethodInvocationHelper.java:139)
at org.testng.internal.invokers.TestInvoker.invokeMethod(TestInvoker.java:677)
at org.testng.internal.invokers.TestInvoker.invokeTestMethod(TestInvoker.java:221)
at org.testng.internal.invokers.MethodRunner.runInSequence(MethodRunner.java:50)
at org.testng.internal.invokers.TestInvoker$MethodInvocationAgent.invoke(TestInvoker.java:969)
at org.testng.internal.invokers.TestInvoker.invokeTestMethods(TestInvoker.java:194)
at org.testng.internal.invokers.TestMethodWorker.invokeTestMethods(TestMethodWorker.java:148)
at org.testng.internal.invokers.TestMethodWorker.run(TestMethodWorker.java:128)
at java.base/java.util.ArrayList.forEach(ArrayList.java:1511)
at org.testng.TestRunner.privateRun(TestRunner.java:829)
at org.testng.TestRunner.run(TestRunner.java:602)
at org.testng.SuiteRunner.runTest(SuiteRunner.java:437)
at org.testng.SuiteRunner.runSequentially(SuiteRunner.java:431)
at org.testng.SuiteRunner.privateRun(SuiteRunner.java:391)
at org.testng.SuiteRunner.run(SuiteRunner.java:330)
at org.testng.SuiteRunnerWorker.runSuite(SuiteRunnerWorker.java:52)
at org.testng.SuiteRunnerWorker.run(SuiteRunnerWorker.java:95)
at org.testng.TestNG.runSuitesSequentially(TestNG.java:1256)
at org.testng.TestNG.runSuitesLocally(TestNG.java:1176)
at org.testng.TestNG.runSuites(TestNG.java:1099)
at org.testng.TestNG.run(TestNG.java:1067)
at org.testng.remote.AbstractRemoteTestNG.run(AbstractRemoteTestNG.java:115)
at org.testng.remote.RemoteTestNG.initAndRun(RemoteTestNG.java:251)
at org.testng.remote.RemoteTestNG.main(RemoteTestNG.java:77)
]]>
    </failure>
  </testcase> <!-- TC_1_headerValidationForContentType_Missing -->
  <system-out/>
  <testcase classname="login.SendOtp" name="TC_2_headerValidationForContentType_Invalid" time="0.071"/>
  <system-out/>
  <testcase classname="login.SendOtp" name="TC_3_headerValidationForContentType_Blank" time="0.057"/>
  <system-out/>
  <testcase classname="login.SendOtp" name="TC_4_headerValidationForContentType_Correct" time="1.219"/>
  <system-out/>
  <testcase classname="login.SendOtp" name="TC_5_RequestBodyValidationForMobileNumber_Is_Correct" time="0.421"/>
  <system-out/>
  <testcase classname="login.SendOtp" name="TC_6_RequestBodyValidationForMobileNumber_Is_Blank" time="0.313"/>
  <system-out/>
  <testcase classname="login.SendOtp" name="TC_7_RequestBodyValidationForMobileNumber_Is_Invalid" time="0.335"/>
  <system-out/>
  <testcase classname="login.SendOtp" name="TC_8_RequestBodyValidationForMobileNumber_Is_Missing">
    <skipped/>
  </testcase> <!-- TC_8_RequestBodyValidationForMobileNumber_Is_Missing -->
  <system-out/>
</testsuite> <!-- login.SendOtp -->
