<?xml version="1.0" encoding="UTF-8"?>
<!-- Generated by org.testng.reporters.JUnitReportReporter -->
<testsuite hostname="RDPC42" failures="0" tests="1" name="api.test.GetAddressTests" time="0.411" errors="0" timestamp="2023-07-07T16:55:46 IST" skipped="0">
  <testcase classname="api.test.GetAddressTests" name="testGetAddress" time="0.411"/>
  <system-out/>
</testsuite> <!-- api.test.GetAddressTests -->
