<?xml version="1.0" encoding="UTF-8"?>
<!-- Generated by org.testng.reporters.JUnitReportReporter -->
<testsuite hostname="RDPC42" failures="0" tests="1" name="api.test.GetCommonQuoteTests" time="0.554" errors="0" timestamp="2023-06-11T14:54:27 IST" skipped="0">
  <testcase classname="api.test.GetCommonQuoteTests" name="testGetCommonQuotes" time="0.554"/>
  <system-out/>
</testsuite> <!-- api.test.GetCommonQuoteTests -->
