<?xml version="1.0" encoding="UTF-8"?>
<!-- Generated by org.testng.reporters.JUnitReportReporter -->
<testsuite hostname="RDPC42" failures="0" tests="1" name="api.test.RescheduleOrderTests" time="0.312" errors="0" timestamp="2023-07-11T13:10:34 IST" skipped="0">
  <testcase classname="api.test.RescheduleOrderTests" name="testRescheduleOrder" time="0.312"/>
  <system-out/>
</testsuite> <!-- api.test.RescheduleOrderTests -->
