<?xml version="1.0" encoding="UTF-8"?>
<!-- Generated by org.testng.reporters.JUnitReportReporter -->
<testsuite hostname="RDPC42" failures="0" tests="1" name="api.test.NotificationCountTests" time="0.290" errors="0" timestamp="2023-06-08T15:20:19 IST" skipped="0">
  <testcase classname="api.test.NotificationCountTests" name="testNotificationCount" time="0.290"/>
  <system-out/>
</testsuite> <!-- api.test.NotificationCountTests -->
