<?xml version="1.0" encoding="UTF-8"?>
<!-- Generated by org.testng.reporters.JUnitReportReporter -->
<testsuite hostname="RDPC42" failures="0" tests="3" name="api.test.LoginTests" time="5.109" errors="0" timestamp="2023-07-11T13:10:34 IST" skipped="0">
  <testcase classname="api.test.LoginTests" name="testLogin" time="4.249"/>
  <system-out/>
  <testcase classname="api.test.LoginTests" name="testResendOtp" time="0.483"/>
  <system-out/>
  <testcase classname="api.test.LoginTests" name="testVerifyOtp" time="0.377"/>
  <system-out/>
</testsuite> <!-- api.test.LoginTests -->
