<?xml version="1.0" encoding="UTF-8"?>
<!-- Generated by org.testng.reporters.JUnitReportReporter -->
<testsuite hostname="RDPC42" failures="0" tests="1" name="api.test.PlaceOrderTests" time="0.599" errors="0" timestamp="2023-07-10T20:25:33 IST" skipped="0">
  <testcase classname="api.test.PlaceOrderTests" name="testPlaceOrder" time="0.599"/>
  <system-out/>
</testsuite> <!-- api.test.PlaceOrderTests -->
