<?xml version="1.0" encoding="UTF-8"?>
<!-- Generated by org.testng.reporters.JUnitReportReporter -->
<testsuite hostname="RDPC42" failures="0" tests="3" name="api.test.LoginTests" time="6.039" errors="0" timestamp="2023-05-25T11:17:54 IST" skipped="0">
  <testcase classname="api.test.LoginTests" name="testLogin" time="4.238"/>
  <system-out/>
  <testcase classname="api.test.LoginTests" name="testResendOtp" time="1.447"/>
  <system-out/>
  <testcase classname="api.test.LoginTests" name="testVerifyOtp" time="0.354"/>
  <system-out/>
</testsuite> <!-- api.test.LoginTests -->
