<?xml version="1.0" encoding="UTF-8"?>
<!-- Generated by org.testng.reporters.JUnitReportReporter -->
<testsuite hostname="RDPC42" failures="0" tests="1" name="api.test.DetectDeviceTests" time="0.884" errors="0" timestamp="2023-06-09T18:10:37 IST" skipped="0">
  <testcase classname="api.test.DetectDeviceTests" name="testDetectDevice" time="0.884"/>
  <system-out/>
</testsuite> <!-- api.test.DetectDeviceTests -->
