<?xml version="1.0" encoding="UTF-8"?>
<!-- Generated by org.testng.reporters.JUnitReportReporter -->
<testsuite hostname="RDPC42" failures="0" tests="2" name="api.test.ApplyCouponTests" time="0.649" errors="0" timestamp="2023-05-26T11:07:15 IST" skipped="0">
  <testcase classname="api.test.ApplyCouponTests" name="testApplyCoupon" time="0.329"/>
  <system-out/>
  <testcase classname="api.test.ApplyCouponTests" name="testRevokeCoupon" time="0.320"/>
  <system-out/>
</testsuite> <!-- api.test.ApplyCouponTests -->
