<?xml version="1.0" encoding="UTF-8"?>
<!-- Generated by org.testng.reporters.JUnitReportReporter -->
<testsuite hostname="RDPC42" failures="0" tests="1" name="api.test.SupportQuestionsTests" time="0.260" errors="0" timestamp="2023-06-08T15:20:19 IST" skipped="0">
  <testcase classname="api.test.SupportQuestionsTests" name="testSupportQuestions" time="0.260"/>
  <system-out/>
</testsuite> <!-- api.test.SupportQuestionsTests -->
