<?xml version="1.0" encoding="UTF-8"?>
<!-- Generated by org.testng.reporters.JUnitReportReporter -->
<testsuite hostname="RDPC42" failures="0" tests="1" name="api.test.ListOrdersTests" time="0.454" errors="0" timestamp="2023-07-10T20:25:33 IST" skipped="0">
  <testcase classname="api.test.ListOrdersTests" name="testListOrders" time="0.454"/>
  <system-out/>
</testsuite> <!-- api.test.ListOrdersTests -->
