<?xml version="1.0" encoding="UTF-8"?>
<!-- Generated by org.testng.reporters.JUnitReportReporter -->
<testsuite hostname="RDPC42" failures="0" tests="1" name="api.test.ListVariantsTests" time="0.503" errors="0" timestamp="2023-05-26T14:55:33 IST" skipped="0">
  <testcase classname="api.test.ListVariantsTests" name="testListVariantQuestions" time="0.503"/>
  <system-out/>
</testsuite> <!-- api.test.ListVariantsTests -->
