<?xml version="1.0" encoding="UTF-8"?>
<!-- Generated by org.testng.reporters.JUnitReportReporter -->
<testsuite hostname="RDPC42" failures="0" tests="3" name="api.test.LoginTests" time="11.930" errors="0" timestamp="2023-05-26T11:07:15 IST" skipped="0">
  <testcase classname="api.test.LoginTests" name="testLogin" time="10.658"/>
  <system-out/>
  <testcase classname="api.test.LoginTests" name="testResendOtp" time="0.676"/>
  <system-out/>
  <testcase classname="api.test.LoginTests" name="testVerifyOtp" time="0.596"/>
  <system-out/>
</testsuite> <!-- api.test.LoginTests -->
