<?xml version="1.0" encoding="UTF-8"?>
<!-- Generated by org.testng.reporters.JUnitReportReporter -->
<testsuite hostname="RDPC42" failures="0" tests="1" name="api.test.SupportQuestionsTests" time="1.320" errors="0" timestamp="2023-07-10T20:25:33 IST" skipped="0">
  <testcase classname="api.test.SupportQuestionsTests" name="testSupportQuestions" time="1.320"/>
  <system-out/>
</testsuite> <!-- api.test.SupportQuestionsTests -->
