<?xml version="1.0" encoding="UTF-8"?>
<!-- Generated by org.testng.reporters.JUnitReportReporter -->
<testsuite hostname="RDPC42" failures="0" tests="1" name="api.test.SupportQuestionsTests" time="0.341" errors="0" timestamp="2023-07-07T16:55:46 IST" skipped="0">
  <testcase classname="api.test.SupportQuestionsTests" name="testSupportQuestions" time="0.341"/>
  <system-out/>
</testsuite> <!-- api.test.SupportQuestionsTests -->
