<?xml version="1.0" encoding="UTF-8"?>
<!-- Generated by org.testng.reporters.JUnitReportReporter -->
<testsuite hostname="RDPC42" failures="0" tests="3" name="api.test.LoginTests" time="1.358" errors="0" timestamp="2023-05-26T14:55:33 IST" skipped="0">
  <testcase classname="api.test.LoginTests" name="testLogin" time="0.496"/>
  <system-out/>
  <testcase classname="api.test.LoginTests" name="testResendOtp" time="0.476"/>
  <system-out/>
  <testcase classname="api.test.LoginTests" name="testVerifyOtp" time="0.386"/>
  <system-out/>
</testsuite> <!-- api.test.LoginTests -->
