<?xml version="1.0" encoding="UTF-8"?>
<!-- Generated by org.testng.reporters.JUnitReportReporter -->
<testsuite hostname="RDPC42" failures="0" tests="1" name="api.test.DetectDeviceTests" time="1.692" errors="0" timestamp="2023-05-25T18:57:45 IST" skipped="0">
  <testcase classname="api.test.DetectDeviceTests" name="testDetectDevice" time="1.692"/>
  <system-out/>
</testsuite> <!-- api.test.DetectDeviceTests -->
