<?xml version="1.0" encoding="UTF-8"?>
<!-- Generated by org.testng.reporters.JUnitReportReporter -->
<testsuite hostname="RDPC42" failures="0" tests="1" name="api.test.ApplicablePaymentMethodsTests" time="0.434" errors="0" timestamp="2023-06-11T14:54:27 IST" skipped="0">
  <testcase classname="api.test.ApplicablePaymentMethodsTests" name="testApplicablePaymentMethods" time="0.434"/>
  <system-out/>
</testsuite> <!-- api.test.ApplicablePaymentMethodsTests -->
