<?xml version="1.0" encoding="UTF-8"?>
<!-- Generated by org.testng.reporters.JUnitReportReporter -->
<testsuite hostname="RDPC42" failures="0" tests="3" name="api.test.LoginTests" time="5.966" errors="0" timestamp="2023-06-09T18:10:37 IST" skipped="0">
  <testcase classname="api.test.LoginTests" name="testLogin" time="4.918"/>
  <system-out/>
  <testcase classname="api.test.LoginTests" name="testResendOtp" time="0.638"/>
  <system-out/>
  <testcase classname="api.test.LoginTests" name="testVerifyOtp" time="0.410"/>
  <system-out/>
</testsuite> <!-- api.test.LoginTests -->
