<?xml version="1.0" encoding="UTF-8"?>
<!-- Generated by org.testng.reporters.JUnitReportReporter -->
<testsuite hostname="RDPC42" failures="0" tests="1" name="api.test.VerifyIfscTests" time="0.451" errors="0" timestamp="2023-07-10T20:25:33 IST" skipped="0">
  <testcase classname="api.test.VerifyIfscTests" name="testVerifyIfsc" time="0.451"/>
  <system-out/>
</testsuite> <!-- api.test.VerifyIfscTests -->
