<?xml version="1.0" encoding="UTF-8"?>
<!-- Generated by org.testng.reporters.JUnitReportReporter -->
<testsuite hostname="RDPC42" failures="0" tests="2" name="api.test.ApplyCouponTests" time="0.705" errors="0" timestamp="2023-06-11T14:54:27 IST" skipped="0">
  <testcase classname="api.test.ApplyCouponTests" name="testApplyCoupon" time="0.337"/>
  <system-out/>
  <testcase classname="api.test.ApplyCouponTests" name="testRevokeCoupon" time="0.368"/>
  <system-out/>
</testsuite> <!-- api.test.ApplyCouponTests -->
