<?xml version="1.0" encoding="UTF-8"?>
<!-- Generated by org.testng.reporters.JUnitReportReporter -->
<testsuite hostname="RDPC42" failures="0" tests="1" name="api.test.VerifyIfscTests" time="0.376" errors="0" timestamp="2023-06-08T15:20:19 IST" skipped="0">
  <testcase classname="api.test.VerifyIfscTests" name="testVerifyIfsc" time="0.376"/>
  <system-out/>
</testsuite> <!-- api.test.VerifyIfscTests -->
