<?xml version="1.0" encoding="UTF-8"?>
<!-- Generated by org.testng.reporters.JUnitReportReporter -->
<testsuite hostname="RDPC42" failures="0" tests="2" name="api.test.RequestCallbackTests" time="0.634" errors="0" timestamp="2023-06-09T18:10:37 IST" skipped="0">
  <testcase classname="api.test.RequestCallbackTests" name="testCreateTicket" time="0.345"/>
  <system-out/>
  <testcase classname="api.test.RequestCallbackTests" name="testAlreadyCreated" time="0.289"/>
  <system-out/>
</testsuite> <!-- api.test.RequestCallbackTests -->
