<?xml version="1.0" encoding="UTF-8"?>
<!-- Generated by org.testng.reporters.JUnitReportReporter -->
<testsuite hostname="RDPC42" failures="0" tests="1" name="api.test.ApplicablePaymentMethodsTests" time="0.429" errors="0" timestamp="2023-07-07T15:46:12 IST" skipped="0">
  <testcase classname="api.test.ApplicablePaymentMethodsTests" name="testApplicablePaymentMethods" time="0.429"/>
  <system-out/>
</testsuite> <!-- api.test.ApplicablePaymentMethodsTests -->
