<?xml version="1.0" encoding="UTF-8"?>
<!-- Generated by org.testng.reporters.JUnitReportReporter -->
<testsuite hostname="RDPC42" failures="0" tests="3" name="api.test.LoginTests" time="5.733" errors="0" timestamp="2023-07-07T16:55:46 IST" skipped="0">
  <testcase classname="api.test.LoginTests" name="testLogin" time="4.904"/>
  <system-out/>
  <testcase classname="api.test.LoginTests" name="testResendOtp" time="0.479"/>
  <system-out/>
  <testcase classname="api.test.LoginTests" name="testVerifyOtp" time="0.350"/>
  <system-out/>
</testsuite> <!-- api.test.LoginTests -->
