<?xml version="1.0" encoding="UTF-8"?>
<!-- Generated by org.testng.reporters.JUnitReportReporter -->
<testsuite hostname="RDPC42" failures="0" tests="1" name="api.test.AddUpdateAddressTests" time="0.346" errors="0" timestamp="2023-05-25T11:17:54 IST" skipped="0">
  <testcase classname="api.test.AddUpdateAddressTests" name="testAddUpdateAddress" time="0.346"/>
  <system-out/>
</testsuite> <!-- api.test.AddUpdateAddressTests -->
