<?xml version="1.0" encoding="UTF-8"?>
<!-- Generated by org.testng.reporters.JUnitReportReporter -->
<testsuite hostname="RDPC42" failures="0" tests="3" name="api.test.LoginTests" time="15.685" errors="0" timestamp="2023-06-11T14:54:27 IST" skipped="0">
  <testcase classname="api.test.LoginTests" name="testLogin" time="14.669"/>
  <system-out/>
  <testcase classname="api.test.LoginTests" name="testResendOtp" time="0.536"/>
  <system-out/>
  <testcase classname="api.test.LoginTests" name="testVerifyOtp" time="0.480"/>
  <system-out/>
</testsuite> <!-- api.test.LoginTests -->
