<?xml version="1.0" encoding="UTF-8"?>
<!-- Generated by org.testng.reporters.JUnitReportReporter -->
<testsuite hostname="RDPC42" failures="0" tests="3" name="api.test.LoginTests" time="9.772" errors="0" timestamp="2023-07-10T20:25:33 IST" skipped="0">
  <testcase classname="api.test.LoginTests" name="testLogin" time="7.222"/>
  <system-out/>
  <testcase classname="api.test.LoginTests" name="testResendOtp" time="1.340"/>
  <system-out/>
  <testcase classname="api.test.LoginTests" name="testVerifyOtp" time="1.210"/>
  <system-out/>
</testsuite> <!-- api.test.LoginTests -->
