<?xml version="1.0" encoding="UTF-8"?>
<!-- Generated by org.testng.reporters.JUnitReportReporter -->
<testsuite hostname="RDPC42" failures="0" tests="3" name="api.test.LoginTests" time="10.705" errors="0" timestamp="2023-05-23T11:08:06 IST" skipped="0">
  <testcase classname="api.test.LoginTests" name="testLogin" time="7.556"/>
  <system-out/>
  <testcase classname="api.test.LoginTests" name="testResendOtp" time="2.775"/>
  <system-out/>
  <testcase classname="api.test.LoginTests" name="testVerifyOtp" time="0.374"/>
  <system-out/>
</testsuite> <!-- api.test.LoginTests -->
