<?xml version="1.0" encoding="UTF-8"?>
<!-- Generated by org.testng.reporters.JUnitReportReporter -->
<testsuite hostname="RDPC42" failures="0" tests="1" name="api.test.GetAddressTests" time="0.461" errors="0" timestamp="2023-06-08T15:20:19 IST" skipped="0">
  <testcase classname="api.test.GetAddressTests" name="testGetAddress" time="0.461"/>
  <system-out/>
</testsuite> <!-- api.test.GetAddressTests -->
