<?xml version="1.0" encoding="UTF-8"?>
<!-- Generated by org.testng.reporters.JUnitReportReporter -->
<testsuite hostname="RDPC42" failures="0" tests="3" name="api.test.LoginTests" time="6.286" errors="0" timestamp="2023-06-08T15:20:19 IST" skipped="0">
  <testcase classname="api.test.LoginTests" name="testLogin" time="5.422"/>
  <system-out/>
  <testcase classname="api.test.LoginTests" name="testResendOtp" time="0.413"/>
  <system-out/>
  <testcase classname="api.test.LoginTests" name="testVerifyOtp" time="0.451"/>
  <system-out/>
</testsuite> <!-- api.test.LoginTests -->
