<?xml version="1.0" encoding="UTF-8"?>
<!-- Generated by org.testng.reporters.JUnitReportReporter -->
<testsuite hostname="RDPC42" failures="0" tests="3" name="api.test.LoginTests" time="4.251" errors="0" timestamp="2023-05-25T18:57:45 IST" skipped="0">
  <testcase classname="api.test.LoginTests" name="testLogin" time="0.740"/>
  <system-out/>
  <testcase classname="api.test.LoginTests" name="testResendOtp" time="2.738"/>
  <system-out/>
  <testcase classname="api.test.LoginTests" name="testVerifyOtp" time="0.773"/>
  <system-out/>
</testsuite> <!-- api.test.LoginTests -->
