<?xml version="1.0" encoding="UTF-8"?>
<!-- Generated by org.testng.reporters.JUnitReportReporter -->
<testsuite hostname="RDPC42" failures="0" tests="2" name="api.test.ApplyCouponTests" time="0.619" errors="0" timestamp="2023-06-08T15:20:19 IST" skipped="0">
  <testcase classname="api.test.ApplyCouponTests" name="testApplyCoupon" time="0.329"/>
  <system-out/>
  <testcase classname="api.test.ApplyCouponTests" name="testRevokeCoupon" time="0.290"/>
  <system-out/>
</testsuite> <!-- api.test.ApplyCouponTests -->
