<?xml version="1.0" encoding="UTF-8"?>
<!-- Generated by org.testng.reporters.JUnitReportReporter -->
<testsuite hostname="RDPC42" failures="0" tests="3" name="api.test.LoginTests" time="6.324" errors="0" timestamp="2023-05-31T18:08:19 IST" skipped="0">
  <testcase classname="api.test.LoginTests" name="testLogin" time="5.346"/>
  <system-out/>
  <testcase classname="api.test.LoginTests" name="testResendOtp" time="0.493"/>
  <system-out/>
  <testcase classname="api.test.LoginTests" name="testVerifyOtp" time="0.485"/>
  <system-out/>
</testsuite> <!-- api.test.LoginTests -->
