<?xml version="1.0" encoding="UTF-8"?>
<!-- Generated by org.testng.reporters.JUnitReportReporter -->
<testsuite hostname="RDPC42" failures="0" tests="1" name="api.test.PincodeServiceableTests" time="0.682" errors="0" timestamp="2023-05-26T11:07:15 IST" skipped="0">
  <testcase classname="api.test.PincodeServiceableTests" name="pincodeServiceable" time="0.682"/>
  <system-out/>
</testsuite> <!-- api.test.PincodeServiceableTests -->
