<?xml version="1.0" encoding="UTF-8"?>
<!-- Generated by org.testng.reporters.JUnitReportReporter -->
<testsuite hostname="RDPC42" failures="0" tests="1" name="api.test.NotificationListTests" time="0.299" errors="0" timestamp="2023-06-09T18:10:37 IST" skipped="0">
  <testcase classname="api.test.NotificationListTests" name="testNotificationList" time="0.299"/>
  <system-out/>
</testsuite> <!-- api.test.NotificationListTests -->
