<?xml version="1.0" encoding="UTF-8"?>
<!-- Generated by org.testng.reporters.JUnitReportReporter -->
<testsuite hostname="RDPC42" failures="0" tests="9" name="login.SendOtp" time="0.127" errors="1" timestamp="2023-11-08T12:59:56 IST" skipped="8">
  <testcase classname="login.SendOtp" name="beforeSuite" time="0.126">
    <error message="Cannot invoke &quot;String.equalsIgnoreCase(String)&quot; because the return value of &quot;customer.property.PropertyHelper.readProperty(String)&quot; is null" type="java.lang.NullPointerException">
      <![CDATA[java.lang.NullPointerException: Cannot invoke "String.equalsIgnoreCase(String)" because the return value of "customer.property.PropertyHelper.readProperty(String)" is null
at utils.BaseUtils.beforeSuite(BaseUtils.java:33)
at java.base/jdk.internal.reflect.NativeMethodAccessorImpl.invoke0(Native Method)
at java.base/jdk.internal.reflect.NativeMethodAccessorImpl.invoke(NativeMethodAccessorImpl.java:77)
at java.base/jdk.internal.reflect.DelegatingMethodAccessorImpl.invoke(DelegatingMethodAccessorImpl.java:43)
at java.base/java.lang.reflect.Method.invoke(Method.java:568)
at org.testng.internal.invokers.MethodInvocationHelper.invokeMethod(MethodInvocationHelper.java:139)
at org.testng.internal.invokers.MethodInvocationHelper.invokeMethodConsideringTimeout(MethodInvocationHelper.java:69)
at org.testng.internal.invokers.ConfigInvoker.invokeConfigurationMethod(ConfigInvoker.java:361)
at org.testng.internal.invokers.ConfigInvoker.invokeConfigurations(ConfigInvoker.java:296)
at org.testng.SuiteRunner.privateRun(SuiteRunner.java:376)
at org.testng.SuiteRunner.run(SuiteRunner.java:330)
at org.testng.SuiteRunnerWorker.runSuite(SuiteRunnerWorker.java:52)
at org.testng.SuiteRunnerWorker.run(SuiteRunnerWorker.java:95)
at org.testng.TestNG.runSuitesSequentially(TestNG.java:1256)
at org.testng.TestNG.runSuitesLocally(TestNG.java:1176)
at org.testng.TestNG.runSuites(TestNG.java:1099)
at org.testng.TestNG.run(TestNG.java:1067)
at org.testng.remote.AbstractRemoteTestNG.run(AbstractRemoteTestNG.java:115)
at org.testng.remote.RemoteTestNG.initAndRun(RemoteTestNG.java:251)
at org.testng.remote.RemoteTestNG.main(RemoteTestNG.java:77)
]]>
    </error>
  </testcase> <!-- beforeSuite -->
  <system-out/>
  <testcase classname="login.SendOtp" name="headerValidationForContentType_Missing" time="0.000">
    <skipped/>
  </testcase> <!-- headerValidationForContentType_Missing -->
  <system-out/>
  <testcase classname="login.SendOtp" name="headerValidationForContentType_Invalid" time="0.000">
    <skipped/>
  </testcase> <!-- headerValidationForContentType_Invalid -->
  <system-out/>
  <testcase classname="login.SendOtp" name="RequestBodyValidationForMobileNumber_Is_Correct" time="0.000">
    <skipped/>
  </testcase> <!-- RequestBodyValidationForMobileNumber_Is_Correct -->
  <system-out/>
  <testcase classname="login.SendOtp" name="RequestBodyValidationForMobileNumber_Is_Blank" time="0.000">
    <skipped/>
  </testcase> <!-- RequestBodyValidationForMobileNumber_Is_Blank -->
  <system-out/>
  <testcase classname="login.SendOtp" name="RequestBodyValidationForMobileNumber_Is_Invalid" time="0.000">
    <skipped/>
  </testcase> <!-- RequestBodyValidationForMobileNumber_Is_Invalid -->
  <system-out/>
  <testcase classname="login.SendOtp" name="RequestBodyValidationForMobileNumber_Is_Missing" time="0.001">
    <skipped/>
  </testcase> <!-- RequestBodyValidationForMobileNumber_Is_Missing -->
  <system-out/>
  <testcase classname="login.SendOtp" name="headerValidationForContentType_Correct">
    <skipped/>
  </testcase> <!-- headerValidationForContentType_Correct -->
  <system-out/>
  <testcase classname="login.SendOtp" name="headerValidationForContentType_Blank">
    <skipped/>
  </testcase> <!-- headerValidationForContentType_Blank -->
  <system-out/>
</testsuite> <!-- login.SendOtp -->
